2022-07-07 17:11:37.314  INFO 6044 --- [restartedMain] .h.g.GaokaoDataAnalysisSystemApplication : Starting GaokaoDataAnalysisSystemApplication using Java 1.8.0_301 on DESKTOP-8RDN7A9 with PID 6044 (E:\project\collegeEntranceExamInfoSystem\Gaokao_Data_Analysis_System\target\classes started by huster in E:\project\collegeEntranceExamInfoSystem\Gaokao_Data_Analysis_System)
2022-07-07 17:11:37.318  INFO 6044 --- [restartedMain] .h.g.GaokaoDataAnalysisSystemApplication : No active profile set, falling back to 1 default profile: "default"
2022-07-07 17:11:37.354  INFO 6044 --- [restartedMain] .e.DevToolsPropertyDefaultsPostProcessor : Devtools property defaults active! Set 'spring.devtools.add-properties' to 'false' to disable
2022-07-07 17:11:37.359  INFO 6044 --- [restartedMain] .e.DevToolsPropertyDefaultsPostProcessor : For additional web related logging consider setting the 'logging.level.web' property to 'DEBUG'
2022-07-07 17:11:38.624  INFO 6044 --- [restartedMain] o.s.b.w.embedded.tomcat.TomcatWebServer  : Tomcat initialized with port(s): 8080 (http)
2022-07-07 17:11:38.630  INFO 6044 --- [restartedMain] o.apache.catalina.core.StandardService   : Starting service [Tomcat]
2022-07-07 17:11:38.631  INFO 6044 --- [restartedMain] org.apache.catalina.core.StandardEngine  : Starting Servlet engine: [Apache Tomcat/9.0.63]
2022-07-07 17:11:38.679  INFO 6044 --- [restartedMain] o.a.c.c.C.[Tomcat].[localhost].[/]       : Initializing Spring embedded WebApplicationContext
2022-07-07 17:11:38.679  INFO 6044 --- [restartedMain] w.s.c.ServletWebServerApplicationContext : Root WebApplicationContext: initialization completed in 1320 ms
2022-07-07 17:11:40.490  INFO 6044 --- [restartedMain] o.s.b.d.a.OptionalLiveReloadServer       : LiveReload server is running on port 35729
2022-07-07 17:11:40.552  INFO 6044 --- [restartedMain] o.s.b.w.embedded.tomcat.TomcatWebServer  : Tomcat started on port(s): 8080 (http) with context path ''
2022-07-07 17:11:40.560  INFO 6044 --- [restartedMain] .h.g.GaokaoDataAnalysisSystemApplication : Started GaokaoDataAnalysisSystemApplication in 3.586 seconds (JVM running for 4.22)
2022-07-07 17:12:20.472  INFO 6044 --- [http-nio-8080-exec-1] o.a.c.c.C.[Tomcat].[localhost].[/]       : Initializing Spring DispatcherServlet 'dispatcherServlet'
2022-07-07 17:12:20.472  INFO 6044 --- [http-nio-8080-exec-1] o.s.web.servlet.DispatcherServlet        : Initializing Servlet 'dispatcherServlet'
2022-07-07 17:12:20.473  INFO 6044 --- [http-nio-8080-exec-1] o.s.web.servlet.DispatcherServlet        : Completed initialization in 1 ms
2022-07-07 17:12:20.674  INFO 6044 --- [http-nio-8080-exec-1] com.alibaba.druid.pool.DruidDataSource   : {dataSource-1} inited
2022-07-07 17:12:21.015 DEBUG 6044 --- [http-nio-8080-exec-1] c.h.g.mapper.InfoPcMapper.selectList     : ==>  Preparing: SELECT pc_code,pc_name,create_time,update_time FROM t_info_pc
2022-07-07 17:12:21.029 DEBUG 6044 --- [http-nio-8080-exec-1] c.h.g.mapper.InfoPcMapper.selectList     : ==> Parameters: 
2022-07-07 17:12:21.065 DEBUG 6044 --- [http-nio-8080-exec-1] c.h.g.mapper.InfoPcMapper.selectList     : <==      Total: 2
2022-07-07 17:13:49.613  INFO 6044 --- [SpringApplicationShutdownHook] com.alibaba.druid.pool.DruidDataSource   : {dataSource-1} closing ...
2022-07-07 17:13:49.624  INFO 6044 --- [SpringApplicationShutdownHook] com.alibaba.druid.pool.DruidDataSource   : {dataSource-1} closed
2022-07-07 17:13:53.901  INFO 536 --- [restartedMain] .h.g.GaokaoDataAnalysisSystemApplication : Starting GaokaoDataAnalysisSystemApplication using Java 1.8.0_301 on DESKTOP-8RDN7A9 with PID 536 (E:\project\collegeEntranceExamInfoSystem\Gaokao_Data_Analysis_System\target\classes started by huster in E:\project\collegeEntranceExamInfoSystem\Gaokao_Data_Analysis_System)
2022-07-07 17:13:53.903  INFO 536 --- [restartedMain] .h.g.GaokaoDataAnalysisSystemApplication : No active profile set, falling back to 1 default profile: "default"
2022-07-07 17:13:53.942  INFO 536 --- [restartedMain] .e.DevToolsPropertyDefaultsPostProcessor : Devtools property defaults active! Set 'spring.devtools.add-properties' to 'false' to disable
2022-07-07 17:13:53.943  INFO 536 --- [restartedMain] .e.DevToolsPropertyDefaultsPostProcessor : For additional web related logging consider setting the 'logging.level.web' property to 'DEBUG'
2022-07-07 17:13:54.842  INFO 536 --- [restartedMain] o.s.b.w.embedded.tomcat.TomcatWebServer  : Tomcat initialized with port(s): 8080 (http)
2022-07-07 17:13:54.850  INFO 536 --- [restartedMain] o.apache.catalina.core.StandardService   : Starting service [Tomcat]
2022-07-07 17:13:54.850  INFO 536 --- [restartedMain] org.apache.catalina.core.StandardEngine  : Starting Servlet engine: [Apache Tomcat/9.0.63]
2022-07-07 17:13:54.900  INFO 536 --- [restartedMain] o.a.c.c.C.[Tomcat].[localhost].[/]       : Initializing Spring embedded WebApplicationContext
2022-07-07 17:13:54.900  INFO 536 --- [restartedMain] w.s.c.ServletWebServerApplicationContext : Root WebApplicationContext: initialization completed in 957 ms
2022-07-07 17:13:56.318  INFO 536 --- [restartedMain] o.s.b.d.a.OptionalLiveReloadServer       : LiveReload server is running on port 35729
2022-07-07 17:13:56.366  INFO 536 --- [restartedMain] o.s.b.w.embedded.tomcat.TomcatWebServer  : Tomcat started on port(s): 8080 (http) with context path ''
2022-07-07 17:13:56.374  INFO 536 --- [restartedMain] .h.g.GaokaoDataAnalysisSystemApplication : Started GaokaoDataAnalysisSystemApplication in 2.787 seconds (JVM running for 3.304)
2022-07-07 17:14:19.661  INFO 536 --- [http-nio-8080-exec-1] o.a.c.c.C.[Tomcat].[localhost].[/]       : Initializing Spring DispatcherServlet 'dispatcherServlet'
2022-07-07 17:14:19.662  INFO 536 --- [http-nio-8080-exec-1] o.s.web.servlet.DispatcherServlet        : Initializing Servlet 'dispatcherServlet'
2022-07-07 17:14:19.663  INFO 536 --- [http-nio-8080-exec-1] o.s.web.servlet.DispatcherServlet        : Completed initialization in 1 ms
2022-07-07 17:14:19.757  INFO 536 --- [http-nio-8080-exec-1] com.alibaba.druid.pool.DruidDataSource   : {dataSource-1} inited
2022-07-07 17:14:20.040 DEBUG 536 --- [http-nio-8080-exec-1] c.h.g.mapper.InfoZslxMapper.selectList   : ==>  Preparing: SELECT zslx_code,zslx_name,create_time,update_time FROM t_info_zslx
2022-07-07 17:14:20.052 DEBUG 536 --- [http-nio-8080-exec-1] c.h.g.mapper.InfoZslxMapper.selectList   : ==> Parameters: 
2022-07-07 17:14:20.083 DEBUG 536 --- [http-nio-8080-exec-1] c.h.g.mapper.InfoZslxMapper.selectList   : <==      Total: 1
2022-07-07 17:20:05.098  INFO 536 --- [SpringApplicationShutdownHook] com.alibaba.druid.pool.DruidDataSource   : {dataSource-1} closing ...
2022-07-07 17:20:05.103  INFO 536 --- [SpringApplicationShutdownHook] com.alibaba.druid.pool.DruidDataSource   : {dataSource-1} closed
2022-07-07 17:20:09.889  INFO 10076 --- [restartedMain] .h.g.GaokaoDataAnalysisSystemApplication : Starting GaokaoDataAnalysisSystemApplication using Java 1.8.0_301 on DESKTOP-8RDN7A9 with PID 10076 (E:\project\collegeEntranceExamInfoSystem\Gaokao_Data_Analysis_System\target\classes started by huster in E:\project\collegeEntranceExamInfoSystem\Gaokao_Data_Analysis_System)
2022-07-07 17:20:09.890  INFO 10076 --- [restartedMain] .h.g.GaokaoDataAnalysisSystemApplication : No active profile set, falling back to 1 default profile: "default"
2022-07-07 17:20:09.927  INFO 10076 --- [restartedMain] .e.DevToolsPropertyDefaultsPostProcessor : Devtools property defaults active! Set 'spring.devtools.add-properties' to 'false' to disable
2022-07-07 17:20:09.927  INFO 10076 --- [restartedMain] .e.DevToolsPropertyDefaultsPostProcessor : For additional web related logging consider setting the 'logging.level.web' property to 'DEBUG'
2022-07-07 17:20:10.789  INFO 10076 --- [restartedMain] o.s.b.w.embedded.tomcat.TomcatWebServer  : Tomcat initialized with port(s): 8080 (http)
2022-07-07 17:20:10.796  INFO 10076 --- [restartedMain] o.apache.catalina.core.StandardService   : Starting service [Tomcat]
2022-07-07 17:20:10.796  INFO 10076 --- [restartedMain] org.apache.catalina.core.StandardEngine  : Starting Servlet engine: [Apache Tomcat/9.0.63]
2022-07-07 17:20:10.843  INFO 10076 --- [restartedMain] o.a.c.c.C.[Tomcat].[localhost].[/]       : Initializing Spring embedded WebApplicationContext
2022-07-07 17:20:10.843  INFO 10076 --- [restartedMain] w.s.c.ServletWebServerApplicationContext : Root WebApplicationContext: initialization completed in 915 ms
2022-07-07 17:20:12.164  INFO 10076 --- [restartedMain] o.s.b.d.a.OptionalLiveReloadServer       : LiveReload server is running on port 35729
2022-07-07 17:20:12.210  INFO 10076 --- [restartedMain] o.s.b.w.embedded.tomcat.TomcatWebServer  : Tomcat started on port(s): 8080 (http) with context path ''
2022-07-07 17:20:12.219  INFO 10076 --- [restartedMain] .h.g.GaokaoDataAnalysisSystemApplication : Started GaokaoDataAnalysisSystemApplication in 2.635 seconds (JVM running for 3.153)
2022-07-07 17:21:12.726  INFO 10076 --- [http-nio-8080-exec-1] o.a.c.c.C.[Tomcat].[localhost].[/]       : Initializing Spring DispatcherServlet 'dispatcherServlet'
2022-07-07 17:21:12.726  INFO 10076 --- [http-nio-8080-exec-1] o.s.web.servlet.DispatcherServlet        : Initializing Servlet 'dispatcherServlet'
2022-07-07 17:21:12.727  INFO 10076 --- [http-nio-8080-exec-1] o.s.web.servlet.DispatcherServlet        : Completed initialization in 1 ms
2022-07-07 17:21:12.826  INFO 10076 --- [http-nio-8080-exec-1] com.alibaba.druid.pool.DruidDataSource   : {dataSource-1} inited
2022-07-07 17:21:13.090 DEBUG 10076 --- [http-nio-8080-exec-1] c.h.g.mapper.RankQsMapper.selectList     : ==>  Preparing: SELECT qs_code,qs_school,qs_rank,qs_year,create_time,update_time FROM t_rank_qs
2022-07-07 17:21:13.102 DEBUG 10076 --- [http-nio-8080-exec-1] c.h.g.mapper.RankQsMapper.selectList     : ==> Parameters: 
2022-07-07 17:21:13.134 DEBUG 10076 --- [http-nio-8080-exec-1] c.h.g.mapper.RankQsMapper.selectList     : <==      Total: 8
2022-07-07 17:21:40.816 DEBUG 10076 --- [http-nio-8080-exec-2] c.h.g.mapper.RankRkMapper.selectList     : ==>  Preparing: SELECT rk_code,rk_school,rk_rank,rk_year,create_time,update_time FROM t_rank_rk
2022-07-07 17:21:40.817 DEBUG 10076 --- [http-nio-8080-exec-2] c.h.g.mapper.RankRkMapper.selectList     : ==> Parameters: 
2022-07-07 17:21:40.838 DEBUG 10076 --- [http-nio-8080-exec-2] c.h.g.mapper.RankRkMapper.selectList     : <==      Total: 0
2022-07-07 17:22:04.966 DEBUG 10076 --- [http-nio-8080-exec-4] c.h.g.mapper.RankTwsMapper.selectList    : ==>  Preparing: SELECT tws_code,tws_school,tws_rank,tws_year,create_time,update_time FROM t_rank_tws
2022-07-07 17:22:04.966 DEBUG 10076 --- [http-nio-8080-exec-4] c.h.g.mapper.RankTwsMapper.selectList    : ==> Parameters: 
2022-07-07 17:22:04.988 DEBUG 10076 --- [http-nio-8080-exec-4] c.h.g.mapper.RankTwsMapper.selectList    : <==      Total: 1
2022-07-07 17:22:44.140 DEBUG 10076 --- [http-nio-8080-exec-6] c.h.g.mapper.RankUsMapper.selectList     : ==>  Preparing: SELECT us_code,us_school,us_rank,us_year,create_time,update_time FROM t_rank_us
2022-07-07 17:22:44.140 DEBUG 10076 --- [http-nio-8080-exec-6] c.h.g.mapper.RankUsMapper.selectList     : ==> Parameters: 
2022-07-07 17:22:44.162 DEBUG 10076 --- [http-nio-8080-exec-6] c.h.g.mapper.RankUsMapper.selectList     : <==      Total: 0
2022-07-07 17:23:13.053 DEBUG 10076 --- [http-nio-8080-exec-8] c.h.g.mapper.RankWslMapper.selectList    : ==>  Preparing: SELECT wsl_code,wsl_school,wsl_rank,wsl_year,create_time,update_time FROM t_rank_wsl
2022-07-07 17:23:13.053 DEBUG 10076 --- [http-nio-8080-exec-8] c.h.g.mapper.RankWslMapper.selectList    : ==> Parameters: 
2022-07-07 17:23:13.074 DEBUG 10076 --- [http-nio-8080-exec-8] c.h.g.mapper.RankWslMapper.selectList    : <==      Total: 0
2022-07-07 17:23:29.430 DEBUG 10076 --- [http-nio-8080-exec-10] c.h.g.mapper.RankXyhMapper.selectList    : ==>  Preparing: SELECT xyh_code,xyh_school,xyh_rank,xyh_year,create_time,update_time FROM t_rank_xyh
2022-07-07 17:23:29.430 DEBUG 10076 --- [http-nio-8080-exec-10] c.h.g.mapper.RankXyhMapper.selectList    : ==> Parameters: 
2022-07-07 17:23:29.451 DEBUG 10076 --- [http-nio-8080-exec-10] c.h.g.mapper.RankXyhMapper.selectList    : <==      Total: 0
2022-07-07 17:23:50.397  INFO 10076 --- [SpringApplicationShutdownHook] com.alibaba.druid.pool.DruidDataSource   : {dataSource-1} closing ...
2022-07-07 17:23:50.401  INFO 10076 --- [SpringApplicationShutdownHook] com.alibaba.druid.pool.DruidDataSource   : {dataSource-1} closed
